<?xml version="1.0" encoding="UTF-8"?>
<coverage generated="1547621282497" clover="3.2.0">
  <project timestamp="1547621282497" name="All files">
    <metrics statements="159" coveredstatements="101" conditionals="95" coveredconditionals="32" methods="32" coveredmethods="20" elements="286" coveredelements="153" complexity="0" loc="159" ncloc="159" packages="1" files="4" classes="4">
      <file name="AutoErrors.ts" path="/Users/deo/deo-project/store-decorator/src/AutoErrors.ts">
        <metrics statements="14" coveredstatements="10" conditionals="4" coveredconditionals="0" methods="3" coveredmethods="1"/>
        <line num="1" count="2" type="stmt"/>
        <line num="2" count="2" type="stmt"/>
        <line num="18" count="2" type="stmt"/>
        <line num="19" count="1" type="stmt"/>
        <line num="20" count="1" type="stmt"/>
        <line num="23" count="1" type="stmt"/>
        <line num="24" count="1" type="stmt"/>
        <line num="27" count="1" type="stmt"/>
        <line num="28" count="0" type="stmt"/>
        <line num="29" count="0" type="stmt"/>
        <line num="31" count="0" type="cond" truecount="0" falsecount="4"/>
        <line num="32" count="0" type="stmt"/>
        <line num="37" count="1" type="stmt"/>
        <line num="39" count="1" type="stmt"/>
      </file>
      <file name="AutoLoading.ts" path="/Users/deo/deo-project/store-decorator/src/AutoLoading.ts">
        <metrics statements="13" coveredstatements="9" conditionals="4" coveredconditionals="0" methods="3" coveredmethods="1"/>
        <line num="1" count="2" type="stmt"/>
        <line num="2" count="2" type="stmt"/>
        <line num="19" count="2" type="stmt"/>
        <line num="20" count="1" type="stmt"/>
        <line num="23" count="1" type="stmt"/>
        <line num="24" count="1" type="stmt"/>
        <line num="27" count="1" type="stmt"/>
        <line num="28" count="0" type="stmt"/>
        <line num="29" count="0" type="stmt"/>
        <line num="31" count="0" type="cond" truecount="0" falsecount="4"/>
        <line num="32" count="0" type="stmt"/>
        <line num="37" count="1" type="stmt"/>
        <line num="39" count="1" type="stmt"/>
      </file>
      <file name="index.ts" path="/Users/deo/deo-project/store-decorator/src/index.ts">
        <metrics statements="79" coveredstatements="40" conditionals="50" coveredconditionals="7" methods="16" coveredmethods="10"/>
        <line num="8" count="2" type="stmt"/>
        <line num="9" count="2" type="stmt"/>
        <line num="10" count="2" type="stmt"/>
        <line num="30" count="2" type="stmt"/>
        <line num="39" count="2" type="stmt"/>
        <line num="44" count="2" type="stmt"/>
        <line num="45" count="1" type="stmt"/>
        <line num="47" count="1" type="stmt"/>
        <line num="55" count="2" type="stmt"/>
        <line num="56" count="1" type="stmt"/>
        <line num="57" count="1" type="stmt"/>
        <line num="60" count="1" type="stmt"/>
        <line num="62" count="1" type="stmt"/>
        <line num="63" count="0" type="stmt"/>
        <line num="65" count="0" type="cond" truecount="0" falsecount="2"/>
        <line num="66" count="0" type="stmt"/>
        <line num="68" count="0" type="cond" truecount="0" falsecount="2"/>
        <line num="69" count="0" type="stmt"/>
        <line num="70" count="0" type="stmt"/>
        <line num="71" count="0" type="stmt"/>
        <line num="73" count="0" type="cond" truecount="0" falsecount="4"/>
        <line num="74" count="0" type="stmt"/>
        <line num="78" count="0" type="stmt"/>
        <line num="82" count="0" type="stmt"/>
        <line num="85" count="1" type="stmt"/>
        <line num="89" count="2" type="stmt"/>
        <line num="105" count="2" type="stmt"/>
        <line num="106" count="4" type="stmt"/>
        <line num="108" count="4" type="cond" truecount="1" falsecount="1"/>
        <line num="109" count="0" type="cond" truecount="0" falsecount="2"/>
        <line num="110" count="0" type="stmt"/>
        <line num="112" count="0" type="stmt"/>
        <line num="115" count="4" type="stmt"/>
        <line num="117" count="4" type="stmt"/>
        <line num="118" count="3" type="cond" truecount="2" falsecount="0"/>
        <line num="119" count="3" type="stmt"/>
        <line num="120" count="3" type="stmt"/>
        <line num="123" count="4" type="stmt"/>
        <line num="131" count="2" type="stmt"/>
        <line num="132" count="2" type="stmt"/>
        <line num="133" count="2" type="stmt"/>
        <line num="134" count="2" type="stmt"/>
        <line num="137" count="2" type="stmt"/>
        <line num="139" count="2" type="cond" truecount="1" falsecount="1"/>
        <line num="140" count="2" type="stmt"/>
        <line num="143" count="2" type="cond" truecount="1" falsecount="1"/>
        <line num="144" count="2" type="stmt"/>
        <line num="147" count="2" type="stmt"/>
        <line num="148" count="0" type="stmt"/>
        <line num="150" count="0" type="cond" truecount="0" falsecount="2"/>
        <line num="155" count="0" type="cond" truecount="0" falsecount="2"/>
        <line num="156" count="0" type="cond" truecount="0" falsecount="2"/>
        <line num="158" count="0" type="cond" truecount="0" falsecount="2"/>
        <line num="160" count="0" type="stmt"/>
        <line num="166" count="0" type="cond" truecount="0" falsecount="2"/>
        <line num="167" count="0" type="cond" truecount="0" falsecount="2"/>
        <line num="170" count="0" type="cond" truecount="0" falsecount="2"/>
        <line num="171" count="0" type="stmt"/>
        <line num="177" count="0" type="stmt"/>
        <line num="178" count="0" type="cond" truecount="0" falsecount="2"/>
        <line num="179" count="0" type="cond" truecount="0" falsecount="2"/>
        <line num="181" count="0" type="stmt"/>
        <line num="182" count="0" type="cond" truecount="0" falsecount="4"/>
        <line num="183" count="0" type="stmt"/>
        <line num="187" count="0" type="cond" truecount="0" falsecount="2"/>
        <line num="189" count="0" type="stmt"/>
        <line num="192" count="0" type="cond" truecount="0" falsecount="2"/>
        <line num="194" count="0" type="stmt"/>
        <line num="197" count="0" type="cond" truecount="0" falsecount="2"/>
        <line num="198" count="0" type="stmt"/>
        <line num="206" count="0" type="stmt"/>
        <line num="209" count="2" type="stmt"/>
        <line num="213" count="2" type="cond" truecount="1" falsecount="1"/>
        <line num="214" count="1" type="stmt"/>
        <line num="233" count="2" type="stmt"/>
        <line num="234" count="1" type="cond" truecount="1" falsecount="1"/>
        <line num="235" count="1" type="stmt"/>
        <line num="238" count="0" type="stmt"/>
        <line num="239" count="0" type="stmt"/>
      </file>
      <file name="util.ts" path="/Users/deo/deo-project/store-decorator/src/util.ts">
        <metrics statements="53" coveredstatements="42" conditionals="37" coveredconditionals="25" methods="10" coveredmethods="8"/>
        <line num="13" count="2" type="stmt"/>
        <line num="19" count="2" type="stmt"/>
        <line num="20" count="5" type="cond" truecount="1" falsecount="1"/>
        <line num="27" count="0" type="stmt"/>
        <line num="30" count="17" type="stmt"/>
        <line num="31" count="17" type="cond" truecount="1" falsecount="1"/>
        <line num="32" count="0" type="stmt"/>
        <line num="36" count="5" type="stmt"/>
        <line num="39" count="2" type="stmt"/>
        <line num="40" count="4" type="stmt"/>
        <line num="42" count="4" type="stmt"/>
        <line num="43" count="4" type="stmt"/>
        <line num="44" count="4" type="stmt"/>
        <line num="49" count="4" type="cond" truecount="2" falsecount="2"/>
        <line num="50" count="0" type="stmt"/>
        <line num="53" count="4" type="stmt"/>
        <line num="54" count="52" type="cond" truecount="2" falsecount="0"/>
        <line num="56" count="4" type="stmt"/>
        <line num="58" count="4" type="cond" truecount="2" falsecount="0"/>
        <line num="59" count="1" type="stmt"/>
        <line num="60" count="1" type="stmt"/>
        <line num="62" count="3" type="stmt"/>
        <line num="63" count="8" type="stmt"/>
        <line num="67" count="8" type="stmt"/>
        <line num="73" count="4" type="stmt"/>
        <line num="83" count="2" type="stmt"/>
        <line num="84" count="9" type="cond" truecount="2" falsecount="0"/>
        <line num="85" count="4" type="stmt"/>
        <line num="88" count="9" type="stmt"/>
        <line num="90" count="9" type="stmt"/>
        <line num="101" count="2" type="stmt"/>
        <line num="103" count="2" type="stmt"/>
        <line num="104" count="1" type="cond" truecount="1" falsecount="1"/>
        <line num="105" count="0" type="stmt"/>
        <line num="108" count="1" type="stmt"/>
        <line num="110" count="1" type="stmt"/>
        <line num="112" count="0" type="stmt"/>
        <line num="113" count="0" type="cond" truecount="0" falsecount="2"/>
        <line num="114" count="0" type="stmt"/>
        <line num="117" count="0" type="stmt"/>
        <line num="120" count="0" type="stmt"/>
        <line num="125" count="1" type="stmt"/>
        <line num="127" count="1" type="stmt"/>
        <line num="128" count="1" type="cond" truecount="1" falsecount="1"/>
        <line num="129" count="0" type="stmt"/>
        <line num="132" count="1" type="stmt"/>
        <line num="133" count="1" type="cond" truecount="3" falsecount="1"/>
        <line num="134" count="1" type="stmt"/>
        <line num="135" count="1" type="stmt"/>
        <line num="138" count="1" type="cond" truecount="3" falsecount="1"/>
        <line num="139" count="0" type="stmt"/>
        <line num="144" count="1" type="cond" truecount="1" falsecount="1"/>
        <line num="145" count="1" type="stmt"/>
      </file>
    </metrics>
  </project>
</coverage>
