{"/Users/deo/deo-project/store-decorator/src/AutoErrors.ts": {"path":"/Users/deo/deo-project/store-decorator/src/AutoErrors.ts","statementMap":{"0":{"start":{"line":1,"column":0},"end":{"line":1,"column":38}},"1":{"start":{"line":2,"column":0},"end":{"line":2,"column":30}},"2":{"start":{"line":19,"column":16},"end":{"line":19,"column":32}},"3":{"start":{"line":20,"column":26},"end":{"line":20,"column":73}},"4":{"start":{"line":23,"column":2},"end":{"line":23,"column":60}},"5":{"start":{"line":24,"column":2},"end":{"line":24,"column":47}},"6":{"start":{"line":27,"column":2},"end":{"line":34,"column":4}},"7":{"start":{"line":28,"column":12},"end":{"line":28,"column":18}},"8":{"start":{"line":29,"column":12},"end":{"line":29,"column":16}},"9":{"start":{"line":29,"column":18},"end":{"line":29,"column":23}},"10":{"start":{"line":31,"column":4},"end":{"line":33,"column":5}},"11":{"start":{"line":32,"column":6},"end":{"line":32,"column":27}},"12":{"start":{"line":37,"column":2},"end":{"line":37,"column":55}},"13":{"start":{"line":37,"column":33},"end":{"line":37,"column":54}},"14":{"start":{"line":39,"column":2},"end":{"line":39,"column":16}},"15":{"start":{"line":18,"column":0},"end":{"line":40,"column":1}}},"fnMap":{"0":{"name":"AutoErrors","decl":{"start":{"line":18,"column":24},"end":{"line":18,"column":34}},"loc":{"start":{"line":18,"column":46},"end":{"line":40,"column":1}}},"1":{"name":"(anonymous_3)","decl":{"start":{"line":27,"column":31},"end":{"line":27,"column":31}},"loc":{"start":{"line":27,"column":69},"end":{"line":34,"column":3}}},"2":{"name":"(anonymous_4)","decl":{"start":{"line":37,"column":17},"end":{"line":37,"column":17}},"loc":{"start":{"line":37,"column":28},"end":{"line":37,"column":54}}}},"branchMap":{"0":{"loc":{"start":{"line":31,"column":4},"end":{"line":33,"column":5}},"type":"if","locations":[{"start":{"line":31,"column":4},"end":{"line":33,"column":5}},{"start":{"line":31,"column":4},"end":{"line":33,"column":5}}]},"1":{"loc":{"start":{"line":31,"column":8},"end":{"line":31,"column":14}},"type":"binary-expr","locations":[{"start":{"line":31,"column":8},"end":{"line":31,"column":14}},{"start":{"line":31,"column":18},"end":{"line":31,"column":44}}]}},"s":{"0":2,"1":2,"2":1,"3":1,"4":1,"5":1,"6":1,"7":0,"8":0,"9":0,"10":0,"11":0,"12":1,"13":0,"14":1,"15":2},"f":{"0":1,"1":0,"2":0},"b":{"0":[0,0],"1":[0,0]}}
,"/Users/deo/deo-project/store-decorator/src/AutoLoading.ts": {"path":"/Users/deo/deo-project/store-decorator/src/AutoLoading.ts","statementMap":{"0":{"start":{"line":1,"column":0},"end":{"line":1,"column":38}},"1":{"start":{"line":2,"column":0},"end":{"line":2,"column":30}},"2":{"start":{"line":20,"column":16},"end":{"line":20,"column":32}},"3":{"start":{"line":23,"column":2},"end":{"line":23,"column":61}},"4":{"start":{"line":24,"column":2},"end":{"line":24,"column":49}},"5":{"start":{"line":27,"column":2},"end":{"line":34,"column":4}},"6":{"start":{"line":28,"column":12},"end":{"line":28,"column":20}},"7":{"start":{"line":29,"column":12},"end":{"line":29,"column":16}},"8":{"start":{"line":29,"column":18},"end":{"line":29,"column":23}},"9":{"start":{"line":31,"column":4},"end":{"line":33,"column":5}},"10":{"start":{"line":32,"column":6},"end":{"line":32,"column":29}},"11":{"start":{"line":37,"column":2},"end":{"line":37,"column":59}},"12":{"start":{"line":37,"column":35},"end":{"line":37,"column":58}},"13":{"start":{"line":39,"column":2},"end":{"line":39,"column":16}},"14":{"start":{"line":19,"column":0},"end":{"line":40,"column":1}}},"fnMap":{"0":{"name":"AutoLoading","decl":{"start":{"line":19,"column":24},"end":{"line":19,"column":35}},"loc":{"start":{"line":19,"column":47},"end":{"line":40,"column":1}}},"1":{"name":"(anonymous_3)","decl":{"start":{"line":27,"column":32},"end":{"line":27,"column":32}},"loc":{"start":{"line":27,"column":72},"end":{"line":34,"column":3}}},"2":{"name":"(anonymous_4)","decl":{"start":{"line":37,"column":19},"end":{"line":37,"column":19}},"loc":{"start":{"line":37,"column":30},"end":{"line":37,"column":58}}}},"branchMap":{"0":{"loc":{"start":{"line":31,"column":4},"end":{"line":33,"column":5}},"type":"if","locations":[{"start":{"line":31,"column":4},"end":{"line":33,"column":5}},{"start":{"line":31,"column":4},"end":{"line":33,"column":5}}]},"1":{"loc":{"start":{"line":31,"column":8},"end":{"line":31,"column":16}},"type":"binary-expr","locations":[{"start":{"line":31,"column":8},"end":{"line":31,"column":16}},{"start":{"line":31,"column":20},"end":{"line":31,"column":48}}]}},"s":{"0":2,"1":2,"2":1,"3":1,"4":1,"5":1,"6":0,"7":0,"8":0,"9":0,"10":0,"11":1,"12":0,"13":1,"14":2},"f":{"0":1,"1":0,"2":0},"b":{"0":[0,0],"1":[0,0]}}
,"/Users/deo/deo-project/store-decorator/src/index.ts": {"path":"/Users/deo/deo-project/store-decorator/src/index.ts","statementMap":{"0":{"start":{"line":8,"column":0},"end":{"line":8,"column":39}},"1":{"start":{"line":39,"column":9},"end":{"line":39,"column":20}},"2":{"start":{"line":9,"column":0},"end":{"line":9,"column":37}},"3":{"start":{"line":39,"column":22},"end":{"line":39,"column":32}},"4":{"start":{"line":10,"column":0},"end":{"line":10,"column":80}},"5":{"start":{"line":30,"column":23},"end":{"line":37,"column":1}},"6":{"start":{"line":39,"column":34},"end":{"line":39,"column":38}},"7":{"start":{"line":45,"column":2},"end":{"line":45,"column":44}},"8":{"start":{"line":47,"column":2},"end":{"line":47,"column":20}},"9":{"start":{"line":44,"column":0},"end":{"line":48,"column":1}},"10":{"start":{"line":56,"column":2},"end":{"line":86,"column":4}},"11":{"start":{"line":57,"column":19},"end":{"line":57,"column":35}},"12":{"start":{"line":60,"column":4},"end":{"line":60,"column":48}},"13":{"start":{"line":62,"column":4},"end":{"line":83,"column":6}},"14":{"start":{"line":62,"column":36},"end":{"line":62,"column":49}},"15":{"start":{"line":62,"column":36},"end":{"line":62,"column":50}},"16":{"start":{"line":63,"column":6},"end":{"line":63,"column":51}},"17":{"start":{"line":65,"column":6},"end":{"line":80,"column":7}},"18":{"start":{"line":66,"column":24},"end":{"line":66,"column":52}},"19":{"start":{"line":68,"column":8},"end":{"line":79,"column":9}},"20":{"start":{"line":69,"column":27},"end":{"line":69,"column":45}},"21":{"start":{"line":70,"column":26},"end":{"line":70,"column":66}},"22":{"start":{"line":71,"column":26},"end":{"line":71,"column":61}},"23":{"start":{"line":73,"column":10},"end":{"line":76,"column":11}},"24":{"start":{"line":74,"column":12},"end":{"line":75,"column":62}},"25":{"start":{"line":78,"column":10},"end":{"line":78,"column":34}},"26":{"start":{"line":82,"column":6},"end":{"line":82,"column":17}},"27":{"start":{"line":85,"column":4},"end":{"line":85,"column":22}},"28":{"start":{"line":55,"column":0},"end":{"line":87,"column":1}},"29":{"start":{"line":89,"column":51},"end":{"line":94,"column":1}},"30":{"start":{"line":105,"column":20},"end":{"line":124,"column":1}},"31":{"start":{"line":106,"column":31},"end":{"line":106,"column":82}},"32":{"start":{"line":108,"column":2},"end":{"line":113,"column":3}},"33":{"start":{"line":109,"column":4},"end":{"line":111,"column":5}},"34":{"start":{"line":110,"column":6},"end":{"line":110,"column":81}},"35":{"start":{"line":112,"column":4},"end":{"line":112,"column":11}},"36":{"start":{"line":115,"column":21},"end":{"line":115,"column":44}},"37":{"start":{"line":117,"column":2},"end":{"line":121,"column":4}},"38":{"start":{"line":118,"column":18},"end":{"line":118,"column":35}},"39":{"start":{"line":119,"column":4},"end":{"line":119,"column":27}},"40":{"start":{"line":120,"column":4},"end":{"line":120,"column":39}},"41":{"start":{"line":123,"column":2},"end":{"line":123,"column":61}},"42":{"start":{"line":132,"column":2},"end":{"line":210,"column":4}},"43":{"start":{"line":133,"column":19},"end":{"line":133,"column":35}},"44":{"start":{"line":134,"column":38},"end":{"line":134,"column":86}},"45":{"start":{"line":137,"column":4},"end":{"line":137,"column":46}},"46":{"start":{"line":139,"column":4},"end":{"line":141,"column":5}},"47":{"start":{"line":140,"column":6},"end":{"line":140,"column":51}},"48":{"start":{"line":143,"column":4},"end":{"line":145,"column":5}},"49":{"start":{"line":144,"column":6},"end":{"line":144,"column":48}},"50":{"start":{"line":147,"column":4},"end":{"line":207,"column":6}},"51":{"start":{"line":147,"column":38},"end":{"line":147,"column":51}},"52":{"start":{"line":147,"column":38},"end":{"line":147,"column":52}},"53":{"start":{"line":148,"column":6},"end":{"line":148,"column":53}},"54":{"start":{"line":150,"column":6},"end":{"line":204,"column":7}},"55":{"start":{"line":155,"column":48},"end":{"line":155,"column":113}},"56":{"start":{"line":156,"column":45},"end":{"line":156,"column":95}},"57":{"start":{"line":158,"column":8},"end":{"line":161,"column":9}},"58":{"start":{"line":160,"column":10},"end":{"line":160,"column":70}},"59":{"start":{"line":166,"column":47},"end":{"line":166,"column":111}},"60":{"start":{"line":167,"column":44},"end":{"line":167,"column":92}},"61":{"start":{"line":170,"column":8},"end":{"line":175,"column":9}},"62":{"start":{"line":171,"column":10},"end":{"line":174,"column":13}},"63":{"start":{"line":177,"column":8},"end":{"line":203,"column":11}},"64":{"start":{"line":178,"column":10},"end":{"line":185,"column":11}},"65":{"start":{"line":179,"column":31},"end":{"line":179,"column":99}},"66":{"start":{"line":181,"column":12},"end":{"line":184,"column":15}},"67":{"start":{"line":182,"column":14},"end":{"line":182,"column":66}},"68":{"start":{"line":183,"column":14},"end":{"line":183,"column":38}},"69":{"start":{"line":187,"column":10},"end":{"line":190,"column":11}},"70":{"start":{"line":189,"column":12},"end":{"line":189,"column":73}},"71":{"start":{"line":192,"column":10},"end":{"line":195,"column":11}},"72":{"start":{"line":194,"column":12},"end":{"line":194,"column":73}},"73":{"start":{"line":197,"column":10},"end":{"line":202,"column":11}},"74":{"start":{"line":198,"column":12},"end":{"line":201,"column":15}},"75":{"start":{"line":206,"column":6},"end":{"line":206,"column":17}},"76":{"start":{"line":209,"column":4},"end":{"line":209,"column":22}},"77":{"start":{"line":131,"column":0},"end":{"line":211,"column":1}},"78":{"start":{"line":213,"column":43},"end":{"line":213,"column":65}},"79":{"start":{"line":214,"column":2},"end":{"line":220,"column":5}},"80":{"start":{"line":214,"column":15},"end":{"line":220,"column":4}},"81":{"start":{"line":234,"column":2},"end":{"line":236,"column":3}},"82":{"start":{"line":235,"column":4},"end":{"line":235,"column":42}},"83":{"start":{"line":238,"column":2},"end":{"line":240,"column":4}},"84":{"start":{"line":239,"column":4},"end":{"line":239,"column":49}},"85":{"start":{"line":233,"column":0},"end":{"line":241,"column":1}}},"fnMap":{"0":{"name":"Getter","decl":{"start":{"line":44,"column":16},"end":{"line":44,"column":22}},"loc":{"start":{"line":44,"column":90},"end":{"line":48,"column":1}}},"1":{"name":"Mutation","decl":{"start":{"line":55,"column":16},"end":{"line":55,"column":24}},"loc":{"start":{"line":55,"column":43},"end":{"line":87,"column":1}}},"2":{"name":"(anonymous_5)","decl":{"start":{"line":56,"column":9},"end":{"line":56,"column":9}},"loc":{"start":{"line":56,"column":77},"end":{"line":86,"column":3}}},"3":{"name":"(anonymous_6)","decl":{"start":{"line":62,"column":23},"end":{"line":62,"column":23}},"loc":{"start":{"line":62,"column":34},"end":{"line":83,"column":5}}},"4":{"name":"(anonymous_7)","decl":{"start":{"line":105,"column":20},"end":{"line":105,"column":20}},"loc":{"start":{"line":105,"column":79},"end":{"line":124,"column":1}}},"5":{"name":"(anonymous_8)","decl":{"start":{"line":117,"column":26},"end":{"line":null,"column":-1}},"loc":{"start":{"line":117,"column":26},"end":{"line":121,"column":3}}},"6":{"name":"Action","decl":{"start":{"line":131,"column":16},"end":{"line":131,"column":22}},"loc":{"start":{"line":131,"column":90},"end":{"line":211,"column":1}}},"7":{"name":"(anonymous_10)","decl":{"start":{"line":132,"column":9},"end":{"line":132,"column":9}},"loc":{"start":{"line":132,"column":77},"end":{"line":210,"column":3}}},"8":{"name":"(anonymous_11)","decl":{"start":{"line":147,"column":23},"end":{"line":147,"column":23}},"loc":{"start":{"line":147,"column":36},"end":{"line":207,"column":5}}},"9":{"name":"(anonymous_12)","decl":{"start":{"line":177,"column":17},"end":{"line":177,"column":17}},"loc":{"start":{"line":177,"column":26},"end":{"line":191,"column":9}}},"10":{"name":"(anonymous_13)","decl":{"start":{"line":181,"column":37},"end":{"line":181,"column":37}},"loc":{"start":{"line":181,"column":47},"end":{"line":184,"column":13}}},"11":{"name":"(anonymous_14)","decl":{"start":{"line":191,"column":17},"end":{"line":191,"column":17}},"loc":{"start":{"line":191,"column":27},"end":{"line":203,"column":9}}},"12":{"name":"StoreDecoratorFactory","decl":{"start":{"line":213,"column":9},"end":{"line":213,"column":30}},"loc":{"start":{"line":213,"column":65},"end":{"line":221,"column":1}}},"13":{"name":"(anonymous_16)","decl":{"start":{"line":214,"column":9},"end":{"line":214,"column":14}},"loc":{"start":{"line":214,"column":9},"end":{"line":220,"column":4}}},"14":{"name":"StoreDecorator","decl":{"start":{"line":233,"column":24},"end":{"line":233,"column":38}},"loc":{"start":{"line":233,"column":52},"end":{"line":241,"column":1}}},"15":{"name":"(anonymous_18)","decl":{"start":{"line":238,"column":9},"end":{"line":238,"column":9}},"loc":{"start":{"line":238,"column":20},"end":{"line":240,"column":3}}}},"branchMap":{"0":{"loc":{"start":{"line":65,"column":6},"end":{"line":80,"column":7}},"type":"if","locations":[{"start":{"line":65,"column":6},"end":{"line":80,"column":7}},{"start":{"line":65,"column":6},"end":{"line":80,"column":7}}]},"1":{"loc":{"start":{"line":68,"column":8},"end":{"line":79,"column":9}},"type":"if","locations":[{"start":{"line":68,"column":8},"end":{"line":79,"column":9}},{"start":{"line":68,"column":8},"end":{"line":79,"column":9}}]},"2":{"loc":{"start":{"line":73,"column":10},"end":{"line":76,"column":11}},"type":"if","locations":[{"start":{"line":73,"column":10},"end":{"line":76,"column":11}},{"start":{"line":73,"column":10},"end":{"line":76,"column":11}}]},"3":{"loc":{"start":{"line":73,"column":14},"end":{"line":73,"column":51}},"type":"binary-expr","locations":[{"start":{"line":73,"column":14},"end":{"line":73,"column":51}},{"start":{"line":73,"column":55},"end":{"line":73,"column":74}}]},"4":{"loc":{"start":{"line":108,"column":2},"end":{"line":113,"column":3}},"type":"if","locations":[{"start":{"line":108,"column":2},"end":{"line":113,"column":3}},{"start":{"line":108,"column":2},"end":{"line":113,"column":3}}]},"5":{"loc":{"start":{"line":109,"column":4},"end":{"line":111,"column":5}},"type":"if","locations":[{"start":{"line":109,"column":4},"end":{"line":111,"column":5}},{"start":{"line":109,"column":4},"end":{"line":111,"column":5}}]},"6":{"loc":{"start":{"line":118,"column":18},"end":{"line":118,"column":29}},"type":"binary-expr","locations":[{"start":{"line":118,"column":18},"end":{"line":118,"column":29}},{"start":{"line":118,"column":33},"end":{"line":118,"column":35}}]},"7":{"loc":{"start":{"line":139,"column":4},"end":{"line":141,"column":5}},"type":"if","locations":[{"start":{"line":139,"column":4},"end":{"line":141,"column":5}},{"start":{"line":139,"column":4},"end":{"line":141,"column":5}}]},"8":{"loc":{"start":{"line":143,"column":4},"end":{"line":145,"column":5}},"type":"if","locations":[{"start":{"line":143,"column":4},"end":{"line":145,"column":5}},{"start":{"line":143,"column":4},"end":{"line":145,"column":5}}]},"9":{"loc":{"start":{"line":150,"column":6},"end":{"line":204,"column":7}},"type":"if","locations":[{"start":{"line":150,"column":6},"end":{"line":204,"column":7}},{"start":{"line":150,"column":6},"end":{"line":204,"column":7}}]},"10":{"loc":{"start":{"line":155,"column":49},"end":{"line":155,"column":71}},"type":"binary-expr","locations":[{"start":{"line":155,"column":49},"end":{"line":155,"column":71}},{"start":{"line":155,"column":75},"end":{"line":155,"column":77}}]},"11":{"loc":{"start":{"line":156,"column":45},"end":{"line":156,"column":69}},"type":"binary-expr","locations":[{"start":{"line":156,"column":45},"end":{"line":156,"column":69}},{"start":{"line":156,"column":73},"end":{"line":156,"column":95}}]},"12":{"loc":{"start":{"line":158,"column":8},"end":{"line":161,"column":9}},"type":"if","locations":[{"start":{"line":158,"column":8},"end":{"line":161,"column":9}},{"start":{"line":158,"column":8},"end":{"line":161,"column":9}}]},"13":{"loc":{"start":{"line":166,"column":48},"end":{"line":166,"column":70}},"type":"binary-expr","locations":[{"start":{"line":166,"column":48},"end":{"line":166,"column":70}},{"start":{"line":166,"column":74},"end":{"line":166,"column":76}}]},"14":{"loc":{"start":{"line":167,"column":44},"end":{"line":167,"column":67}},"type":"binary-expr","locations":[{"start":{"line":167,"column":44},"end":{"line":167,"column":67}},{"start":{"line":167,"column":71},"end":{"line":167,"column":92}}]},"15":{"loc":{"start":{"line":170,"column":8},"end":{"line":175,"column":9}},"type":"if","locations":[{"start":{"line":170,"column":8},"end":{"line":175,"column":9}},{"start":{"line":170,"column":8},"end":{"line":175,"column":9}}]},"16":{"loc":{"start":{"line":178,"column":10},"end":{"line":185,"column":11}},"type":"if","locations":[{"start":{"line":178,"column":10},"end":{"line":185,"column":11}},{"start":{"line":178,"column":10},"end":{"line":185,"column":11}}]},"17":{"loc":{"start":{"line":179,"column":64},"end":{"line":179,"column":79}},"type":"cond-expr","locations":[{"start":{"line":179,"column":64},"end":{"line":179,"column":79}},{"start":{"line":179,"column":82},"end":{"line":179,"column":99}}]},"18":{"loc":{"start":{"line":182,"column":51},"end":{"line":182,"column":59}},"type":"cond-expr","locations":[{"start":{"line":182,"column":51},"end":{"line":182,"column":59}},{"start":{"line":182,"column":62},"end":{"line":182,"column":65}}]},"19":{"loc":{"start":{"line":182,"column":21},"end":{"line":182,"column":36}},"type":"binary-expr","locations":[{"start":{"line":182,"column":21},"end":{"line":182,"column":36}},{"start":{"line":182,"column":40},"end":{"line":182,"column":48}}]},"20":{"loc":{"start":{"line":187,"column":10},"end":{"line":190,"column":11}},"type":"if","locations":[{"start":{"line":187,"column":10},"end":{"line":190,"column":11}},{"start":{"line":187,"column":10},"end":{"line":190,"column":11}}]},"21":{"loc":{"start":{"line":192,"column":10},"end":{"line":195,"column":11}},"type":"if","locations":[{"start":{"line":192,"column":10},"end":{"line":195,"column":11}},{"start":{"line":192,"column":10},"end":{"line":195,"column":11}}]},"22":{"loc":{"start":{"line":197,"column":10},"end":{"line":202,"column":11}},"type":"if","locations":[{"start":{"line":197,"column":10},"end":{"line":202,"column":11}},{"start":{"line":197,"column":10},"end":{"line":202,"column":11}}]},"23":{"loc":{"start":{"line":213,"column":43},"end":{"line":213,"column":65}},"type":"if","locations":[{"start":{"line":213,"column":43},"end":{"line":213,"column":65}},{"start":{"line":213,"column":43},"end":{"line":213,"column":65}}]},"24":{"loc":{"start":{"line":234,"column":2},"end":{"line":236,"column":3}},"type":"if","locations":[{"start":{"line":234,"column":2},"end":{"line":236,"column":3}},{"start":{"line":234,"column":2},"end":{"line":236,"column":3}}]}},"s":{"0":2,"1":2,"2":2,"3":2,"4":2,"5":2,"6":2,"7":1,"8":1,"9":2,"10":1,"11":1,"12":1,"13":1,"14":0,"15":0,"16":0,"17":0,"18":0,"19":0,"20":0,"21":0,"22":0,"23":0,"24":0,"25":0,"26":0,"27":1,"28":2,"29":2,"30":2,"31":4,"32":4,"33":0,"34":0,"35":0,"36":4,"37":4,"38":3,"39":3,"40":3,"41":4,"42":2,"43":2,"44":2,"45":2,"46":2,"47":2,"48":2,"49":2,"50":2,"51":0,"52":0,"53":0,"54":0,"55":0,"56":0,"57":0,"58":0,"59":0,"60":0,"61":0,"62":0,"63":0,"64":0,"65":0,"66":0,"67":0,"68":0,"69":0,"70":0,"71":0,"72":0,"73":0,"74":0,"75":0,"76":2,"77":2,"78":2,"79":1,"80":1,"81":1,"82":1,"83":0,"84":0,"85":2},"f":{"0":1,"1":1,"2":1,"3":0,"4":4,"5":3,"6":2,"7":2,"8":0,"9":0,"10":0,"11":0,"12":1,"13":1,"14":1,"15":0},"b":{"0":[0,0],"1":[0,0],"2":[0,0],"3":[0,0],"4":[0,4],"5":[0,0],"6":[3,2],"7":[2,0],"8":[2,0],"9":[0,0],"10":[0,0],"11":[0,0],"12":[0,0],"13":[0,0],"14":[0,0],"15":[0,0],"16":[0,0],"17":[0,0],"18":[0,0],"19":[0,0],"20":[0,0],"21":[0,0],"22":[0,0],"23":[1,0],"24":[1,0]}}
,"/Users/deo/deo-project/store-decorator/src/util.ts": {"path":"/Users/deo/deo-project/store-decorator/src/util.ts","statementMap":{"0":{"start":{"line":13,"column":0},"end":{"line":13,"column":30}},"1":{"start":{"line":20,"column":2},"end":{"line":28,"column":3}},"2":{"start":{"line":27,"column":4},"end":{"line":27,"column":17}},"3":{"start":{"line":30,"column":2},"end":{"line":34,"column":3}},"4":{"start":{"line":30,"column":17},"end":{"line":30,"column":16}},"5":{"start":{"line":31,"column":4},"end":{"line":33,"column":5}},"6":{"start":{"line":32,"column":6},"end":{"line":32,"column":19}},"7":{"start":{"line":36,"column":2},"end":{"line":36,"column":14}},"8":{"start":{"line":19,"column":0},"end":{"line":37,"column":1}},"9":{"start":{"line":40,"column":30},"end":{"line":40,"column":32}},"10":{"start":{"line":42,"column":19},"end":{"line":42,"column":34}},"11":{"start":{"line":43,"column":34},"end":{"line":43,"column":67}},"12":{"start":{"line":44,"column":25},"end":{"line":44,"column":69}},"13":{"start":{"line":49,"column":2},"end":{"line":51,"column":3}},"14":{"start":{"line":50,"column":4},"end":{"line":50,"column":28}},"15":{"start":{"line":53,"column":2},"end":{"line":71,"column":5}},"16":{"start":{"line":54,"column":4},"end":{"line":70,"column":5}},"17":{"start":{"line":56,"column":20},"end":{"line":56,"column":30}},"18":{"start":{"line":58,"column":6},"end":{"line":69,"column":7}},"19":{"start":{"line":59,"column":8},"end":{"line":59,"column":65}},"20":{"start":{"line":60,"column":8},"end":{"line":60,"column":35}},"21":{"start":{"line":62,"column":8},"end":{"line":68,"column":11}},"22":{"start":{"line":63,"column":10},"end":{"line":65,"column":57}},"23":{"start":{"line":67,"column":10},"end":{"line":67,"column":43}},"24":{"start":{"line":73,"column":2},"end":{"line":73,"column":17}},"25":{"start":{"line":39,"column":0},"end":{"line":74,"column":1}},"26":{"start":{"line":84,"column":2},"end":{"line":86,"column":3}},"27":{"start":{"line":85,"column":4},"end":{"line":85,"column":22}},"28":{"start":{"line":88,"column":2},"end":{"line":88,"column":30}},"29":{"start":{"line":90,"column":2},"end":{"line":90,"column":17}},"30":{"start":{"line":83,"column":0},"end":{"line":91,"column":1}},"31":{"start":{"line":101,"column":15},"end":{"line":101,"column":24}},"32":{"start":{"line":104,"column":2},"end":{"line":106,"column":3}},"33":{"start":{"line":105,"column":4},"end":{"line":105,"column":11}},"34":{"start":{"line":108,"column":19},"end":{"line":108,"column":34}},"35":{"start":{"line":110,"column":2},"end":{"line":148,"column":4}},"36":{"start":{"line":112,"column":6},"end":{"line":118,"column":9}},"37":{"start":{"line":113,"column":8},"end":{"line":115,"column":9}},"38":{"start":{"line":114,"column":10},"end":{"line":114,"column":17}},"39":{"start":{"line":117,"column":8},"end":{"line":117,"column":23}},"40":{"start":{"line":120,"column":6},"end":{"line":120,"column":17}},"41":{"start":{"line":125,"column":24},"end":{"line":125,"column":28}},"42":{"start":{"line":127,"column":6},"end":{"line":136,"column":9}},"43":{"start":{"line":128,"column":8},"end":{"line":130,"column":9}},"44":{"start":{"line":129,"column":10},"end":{"line":129,"column":17}},"45":{"start":{"line":132,"column":8},"end":{"line":132,"column":61}},"46":{"start":{"line":133,"column":8},"end":{"line":133,"column":64}},"47":{"start":{"line":134,"column":8},"end":{"line":134,"column":47}},"48":{"start":{"line":135,"column":8},"end":{"line":135,"column":23}},"49":{"start":{"line":138,"column":6},"end":{"line":142,"column":7}},"50":{"start":{"line":139,"column":8},"end":{"line":141,"column":10}},"51":{"start":{"line":144,"column":6},"end":{"line":146,"column":7}},"52":{"start":{"line":145,"column":8},"end":{"line":145,"column":32}},"53":{"start":{"line":103,"column":0},"end":{"line":149,"column":1}}},"fnMap":{"0":{"name":"isContains","decl":{"start":{"line":19,"column":16},"end":{"line":19,"column":26}},"loc":{"start":{"line":19,"column":88},"end":{"line":37,"column":1}}},"1":{"name":"getMethods","decl":{"start":{"line":39,"column":16},"end":{"line":39,"column":26}},"loc":{"start":{"line":39,"column":58},"end":{"line":74,"column":1}}},"2":{"name":"(anonymous_2)","decl":{"start":{"line":53,"column":44},"end":{"line":53,"column":44}},"loc":{"start":{"line":53,"column":56},"end":{"line":71,"column":3}}},"3":{"name":"(anonymous_3)","decl":{"start":{"line":62,"column":22},"end":{"line":62,"column":22}},"loc":{"start":{"line":62,"column":35},"end":{"line":68,"column":9}}},"4":{"name":"createMapping","decl":{"start":{"line":83,"column":16},"end":{"line":83,"column":29}},"loc":{"start":{"line":83,"column":76},"end":{"line":91,"column":1}}},"5":{"name":"ObjectDeepUpdater","decl":{"start":{"line":103,"column":16},"end":{"line":103,"column":33}},"loc":{"start":{"line":103,"column":46},"end":{"line":149,"column":1}}},"6":{"name":"(anonymous_6)","decl":{"start":{"line":111,"column":9},"end":{"line":111,"column":9}},"loc":{"start":{"line":111,"column":26},"end":{"line":121,"column":5}}},"7":{"name":"(anonymous_7)","decl":{"start":{"line":112,"column":23},"end":{"line":112,"column":23}},"loc":{"start":{"line":112,"column":35},"end":{"line":118,"column":7}}},"8":{"name":"(anonymous_8)","decl":{"start":{"line":123,"column":9},"end":{"line":123,"column":9}},"loc":{"start":{"line":123,"column":38},"end":{"line":147,"column":5}}},"9":{"name":"(anonymous_9)","decl":{"start":{"line":127,"column":23},"end":{"line":127,"column":23}},"loc":{"start":{"line":127,"column":35},"end":{"line":136,"column":7}}}},"branchMap":{"0":{"loc":{"start":{"line":20,"column":2},"end":{"line":28,"column":3}},"type":"if","locations":[{"start":{"line":20,"column":2},"end":{"line":28,"column":3}},{"start":{"line":20,"column":2},"end":{"line":28,"column":3}}]},"1":{"loc":{"start":{"line":21,"column":4},"end":{"line":21,"column":27}},"type":"binary-expr","locations":[{"start":{"line":21,"column":4},"end":{"line":21,"column":27}},{"start":{"line":22,"column":4},"end":{"line":22,"column":32}},{"start":{"line":23,"column":4},"end":{"line":23,"column":20}},{"start":{"line":24,"column":4},"end":{"line":24,"column":25}},{"start":{"line":25,"column":4},"end":{"line":25,"column":32}}]},"2":{"loc":{"start":{"line":31,"column":4},"end":{"line":33,"column":5}},"type":"if","locations":[{"start":{"line":31,"column":4},"end":{"line":33,"column":5}},{"start":{"line":31,"column":4},"end":{"line":33,"column":5}}]},"3":{"loc":{"start":{"line":49,"column":2},"end":{"line":51,"column":3}},"type":"if","locations":[{"start":{"line":49,"column":2},"end":{"line":51,"column":3}},{"start":{"line":49,"column":2},"end":{"line":51,"column":3}}]},"4":{"loc":{"start":{"line":49,"column":6},"end":{"line":49,"column":48}},"type":"binary-expr","locations":[{"start":{"line":49,"column":6},"end":{"line":49,"column":48}},{"start":{"line":49,"column":52},"end":{"line":49,"column":94}}]},"5":{"loc":{"start":{"line":54,"column":4},"end":{"line":70,"column":5}},"type":"if","locations":[{"start":{"line":54,"column":4},"end":{"line":70,"column":5}},{"start":{"line":54,"column":4},"end":{"line":70,"column":5}}]},"6":{"loc":{"start":{"line":58,"column":6},"end":{"line":69,"column":7}},"type":"if","locations":[{"start":{"line":58,"column":6},"end":{"line":69,"column":7}},{"start":{"line":58,"column":6},"end":{"line":69,"column":7}}]},"7":{"loc":{"start":{"line":64,"column":12},"end":{"line":64,"column":66}},"type":"binary-expr","locations":[{"start":{"line":64,"column":12},"end":{"line":64,"column":66}},{"start":{"line":65,"column":12},"end":{"line":65,"column":56}}]},"8":{"loc":{"start":{"line":84,"column":2},"end":{"line":86,"column":3}},"type":"if","locations":[{"start":{"line":84,"column":2},"end":{"line":86,"column":3}},{"start":{"line":84,"column":2},"end":{"line":86,"column":3}}]},"9":{"loc":{"start":{"line":104,"column":2},"end":{"line":106,"column":3}},"type":"if","locations":[{"start":{"line":104,"column":2},"end":{"line":106,"column":3}},{"start":{"line":104,"column":2},"end":{"line":106,"column":3}}]},"10":{"loc":{"start":{"line":113,"column":8},"end":{"line":115,"column":9}},"type":"if","locations":[{"start":{"line":113,"column":8},"end":{"line":115,"column":9}},{"start":{"line":113,"column":8},"end":{"line":115,"column":9}}]},"11":{"loc":{"start":{"line":128,"column":8},"end":{"line":130,"column":9}},"type":"if","locations":[{"start":{"line":128,"column":8},"end":{"line":130,"column":9}},{"start":{"line":128,"column":8},"end":{"line":130,"column":9}}]},"12":{"loc":{"start":{"line":133,"column":44},"end":{"line":133,"column":56}},"type":"cond-expr","locations":[{"start":{"line":133,"column":44},"end":{"line":133,"column":56}},{"start":{"line":133,"column":59},"end":{"line":133,"column":63}}]},"13":{"loc":{"start":{"line":133,"column":17},"end":{"line":133,"column":25}},"type":"binary-expr","locations":[{"start":{"line":133,"column":17},"end":{"line":133,"column":25}},{"start":{"line":133,"column":29},"end":{"line":133,"column":41}}]},"14":{"loc":{"start":{"line":138,"column":6},"end":{"line":142,"column":7}},"type":"if","locations":[{"start":{"line":138,"column":6},"end":{"line":142,"column":7}},{"start":{"line":138,"column":6},"end":{"line":142,"column":7}}]},"15":{"loc":{"start":{"line":138,"column":10},"end":{"line":138,"column":47}},"type":"binary-expr","locations":[{"start":{"line":138,"column":10},"end":{"line":138,"column":47}},{"start":{"line":138,"column":51},"end":{"line":138,"column":58}}]},"16":{"loc":{"start":{"line":144,"column":6},"end":{"line":146,"column":7}},"type":"if","locations":[{"start":{"line":144,"column":6},"end":{"line":146,"column":7}},{"start":{"line":144,"column":6},"end":{"line":146,"column":7}}]}},"s":{"0":2,"1":5,"2":0,"3":5,"4":17,"5":17,"6":0,"7":5,"8":2,"9":4,"10":4,"11":4,"12":4,"13":4,"14":0,"15":4,"16":52,"17":4,"18":4,"19":1,"20":1,"21":3,"22":8,"23":8,"24":4,"25":2,"26":9,"27":4,"28":9,"29":9,"30":2,"31":2,"32":1,"33":0,"34":1,"35":1,"36":0,"37":0,"38":0,"39":0,"40":0,"41":1,"42":1,"43":1,"44":0,"45":1,"46":1,"47":1,"48":1,"49":1,"50":0,"51":1,"52":1,"53":2},"f":{"0":5,"1":4,"2":52,"3":8,"4":9,"5":1,"6":0,"7":0,"8":1,"9":1},"b":{"0":[0,5],"1":[5,5,5,5,5],"2":[0,17],"3":[0,4],"4":[4,0],"5":[4,48],"6":[1,3],"7":[8,0],"8":[4,5],"9":[0,1],"10":[0,0],"11":[0,1],"12":[1,0],"13":[1,1],"14":[0,1],"15":[1,1],"16":[1,0]}}
}
