TN:
SF:/Users/deo/deo-project/store-decorator/src/AutoErrors.ts
FN:18,AutoErrors
FN:27,(anonymous_3)
FN:37,(anonymous_4)
FNF:3
FNH:1
FNDA:1,AutoErrors
FNDA:0,(anonymous_3)
FNDA:0,(anonymous_4)
DA:1,2
DA:2,2
DA:18,2
DA:19,1
DA:20,1
DA:23,1
DA:24,1
DA:27,1
DA:28,0
DA:29,0
DA:31,0
DA:32,0
DA:37,1
DA:39,1
LF:14
LH:10
BRDA:31,0,0,0
BRDA:31,0,1,0
BRDA:31,1,0,0
BRDA:31,1,1,0
BRF:4
BRH:0
end_of_record
TN:
SF:/Users/deo/deo-project/store-decorator/src/AutoLoading.ts
FN:19,AutoLoading
FN:27,(anonymous_3)
FN:37,(anonymous_4)
FNF:3
FNH:1
FNDA:1,AutoLoading
FNDA:0,(anonymous_3)
FNDA:0,(anonymous_4)
DA:1,2
DA:2,2
DA:19,2
DA:20,1
DA:23,1
DA:24,1
DA:27,1
DA:28,0
DA:29,0
DA:31,0
DA:32,0
DA:37,1
DA:39,1
LF:13
LH:9
BRDA:31,0,0,0
BRDA:31,0,1,0
BRDA:31,1,0,0
BRDA:31,1,1,0
BRF:4
BRH:0
end_of_record
TN:
SF:/Users/deo/deo-project/store-decorator/src/index.ts
FN:44,Getter
FN:55,Mutation
FN:56,(anonymous_5)
FN:62,(anonymous_6)
FN:105,(anonymous_7)
FN:117,(anonymous_8)
FN:131,Action
FN:132,(anonymous_10)
FN:147,(anonymous_11)
FN:177,(anonymous_12)
FN:181,(anonymous_13)
FN:191,(anonymous_14)
FN:213,StoreDecoratorFactory
FN:214,(anonymous_16)
FN:233,StoreDecorator
FN:238,(anonymous_18)
FNF:16
FNH:10
FNDA:1,Getter
FNDA:1,Mutation
FNDA:1,(anonymous_5)
FNDA:0,(anonymous_6)
FNDA:4,(anonymous_7)
FNDA:3,(anonymous_8)
FNDA:2,Action
FNDA:2,(anonymous_10)
FNDA:0,(anonymous_11)
FNDA:0,(anonymous_12)
FNDA:0,(anonymous_13)
FNDA:0,(anonymous_14)
FNDA:1,StoreDecoratorFactory
FNDA:1,(anonymous_16)
FNDA:1,StoreDecorator
FNDA:0,(anonymous_18)
DA:8,2
DA:9,2
DA:10,2
DA:30,2
DA:39,2
DA:44,2
DA:45,1
DA:47,1
DA:55,2
DA:56,1
DA:57,1
DA:60,1
DA:62,1
DA:63,0
DA:65,0
DA:66,0
DA:68,0
DA:69,0
DA:70,0
DA:71,0
DA:73,0
DA:74,0
DA:78,0
DA:82,0
DA:85,1
DA:89,2
DA:105,2
DA:106,4
DA:108,4
DA:109,0
DA:110,0
DA:112,0
DA:115,4
DA:117,4
DA:118,3
DA:119,3
DA:120,3
DA:123,4
DA:131,2
DA:132,2
DA:133,2
DA:134,2
DA:137,2
DA:139,2
DA:140,2
DA:143,2
DA:144,2
DA:147,2
DA:148,0
DA:150,0
DA:155,0
DA:156,0
DA:158,0
DA:160,0
DA:166,0
DA:167,0
DA:170,0
DA:171,0
DA:177,0
DA:178,0
DA:179,0
DA:181,0
DA:182,0
DA:183,0
DA:187,0
DA:189,0
DA:192,0
DA:194,0
DA:197,0
DA:198,0
DA:206,0
DA:209,2
DA:213,2
DA:214,1
DA:233,2
DA:234,1
DA:235,1
DA:238,0
DA:239,0
LF:79
LH:40
BRDA:65,0,0,0
BRDA:65,0,1,0
BRDA:68,1,0,0
BRDA:68,1,1,0
BRDA:73,2,0,0
BRDA:73,2,1,0
BRDA:73,3,0,0
BRDA:73,3,1,0
BRDA:108,4,0,0
BRDA:108,4,1,4
BRDA:109,5,0,0
BRDA:109,5,1,0
BRDA:118,6,0,3
BRDA:118,6,1,2
BRDA:139,7,0,2
BRDA:139,7,1,0
BRDA:143,8,0,2
BRDA:143,8,1,0
BRDA:150,9,0,0
BRDA:150,9,1,0
BRDA:155,10,0,0
BRDA:155,10,1,0
BRDA:156,11,0,0
BRDA:156,11,1,0
BRDA:158,12,0,0
BRDA:158,12,1,0
BRDA:166,13,0,0
BRDA:166,13,1,0
BRDA:167,14,0,0
BRDA:167,14,1,0
BRDA:170,15,0,0
BRDA:170,15,1,0
BRDA:178,16,0,0
BRDA:178,16,1,0
BRDA:179,17,0,0
BRDA:179,17,1,0
BRDA:182,18,0,0
BRDA:182,18,1,0
BRDA:182,19,0,0
BRDA:182,19,1,0
BRDA:187,20,0,0
BRDA:187,20,1,0
BRDA:192,21,0,0
BRDA:192,21,1,0
BRDA:197,22,0,0
BRDA:197,22,1,0
BRDA:213,23,0,1
BRDA:213,23,1,0
BRDA:234,24,0,1
BRDA:234,24,1,0
BRF:50
BRH:7
end_of_record
TN:
SF:/Users/deo/deo-project/store-decorator/src/util.ts
FN:19,isContains
FN:39,getMethods
FN:53,(anonymous_2)
FN:62,(anonymous_3)
FN:83,createMapping
FN:103,ObjectDeepUpdater
FN:111,(anonymous_6)
FN:112,(anonymous_7)
FN:123,(anonymous_8)
FN:127,(anonymous_9)
FNF:10
FNH:8
FNDA:5,isContains
FNDA:4,getMethods
FNDA:52,(anonymous_2)
FNDA:8,(anonymous_3)
FNDA:9,createMapping
FNDA:1,ObjectDeepUpdater
FNDA:0,(anonymous_6)
FNDA:0,(anonymous_7)
FNDA:1,(anonymous_8)
FNDA:1,(anonymous_9)
DA:13,2
DA:19,2
DA:20,5
DA:27,0
DA:30,17
DA:31,17
DA:32,0
DA:36,5
DA:39,2
DA:40,4
DA:42,4
DA:43,4
DA:44,4
DA:49,4
DA:50,0
DA:53,4
DA:54,52
DA:56,4
DA:58,4
DA:59,1
DA:60,1
DA:62,3
DA:63,8
DA:67,8
DA:73,4
DA:83,2
DA:84,9
DA:85,4
DA:88,9
DA:90,9
DA:101,2
DA:103,2
DA:104,1
DA:105,0
DA:108,1
DA:110,1
DA:112,0
DA:113,0
DA:114,0
DA:117,0
DA:120,0
DA:125,1
DA:127,1
DA:128,1
DA:129,0
DA:132,1
DA:133,1
DA:134,1
DA:135,1
DA:138,1
DA:139,0
DA:144,1
DA:145,1
LF:53
LH:42
BRDA:20,0,0,0
BRDA:20,0,1,5
BRDA:21,1,0,5
BRDA:21,1,1,5
BRDA:21,1,2,5
BRDA:21,1,3,5
BRDA:21,1,4,5
BRDA:31,2,0,0
BRDA:31,2,1,17
BRDA:49,3,0,0
BRDA:49,3,1,4
BRDA:49,4,0,4
BRDA:49,4,1,0
BRDA:54,5,0,4
BRDA:54,5,1,48
BRDA:58,6,0,1
BRDA:58,6,1,3
BRDA:64,7,0,8
BRDA:64,7,1,0
BRDA:84,8,0,4
BRDA:84,8,1,5
BRDA:104,9,0,0
BRDA:104,9,1,1
BRDA:113,10,0,0
BRDA:113,10,1,0
BRDA:128,11,0,0
BRDA:128,11,1,1
BRDA:133,12,0,1
BRDA:133,12,1,0
BRDA:133,13,0,1
BRDA:133,13,1,1
BRDA:138,14,0,0
BRDA:138,14,1,1
BRDA:138,15,0,1
BRDA:138,15,1,1
BRDA:144,16,0,1
BRDA:144,16,1,0
BRF:37
BRH:25
end_of_record
